<component name="libraryTable">
  <library name="junit-4.12">
    <CLASSES>
      <root url="jar://$PROJECT_DIR$/src/test/golo/junit-4.12.jar!/" />
    </CLASSES>
    <JAVADOC />
    <SOURCES>
      <root url="jar://$PROJECT_DIR$/RomanNumerals/src/test/golo/hamcrest-all-1.3-sources.jar!/" />
    </SOURCES>
  </library>
</component>